[INFO] Scanning for projects...
[INFO] 
[INFO] -----------------------< org.fyp:tms-sep490-be >------------------------
[INFO] Building tms-sep490-be 0.0.1-SNAPSHOT
[INFO]   from pom.xml
[INFO] --------------------------------[ jar ]---------------------------------
[INFO] 
[INFO] >>> spring-boot:3.5.7:run (default-cli) > test-compile @ tms-sep490-be >>>
[INFO] 
[INFO] --- jacoco:0.8.11:prepare-agent (default) @ tms-sep490-be ---
[INFO] argLine set to -javaagent:/Users/tatanh/.m2/repository/org/jacoco/org.jacoco.agent/0.8.11/org.jacoco.agent-0.8.11-runtime.jar=destfile=/Users/tatanh/Documents/Code/SEP490-Capstone/tms-sep490-be/target/jacoco.exec
[INFO] 
[INFO] --- resources:3.3.1:resources (default-resources) @ tms-sep490-be ---
[INFO] Copying 1 resource from src/main/resources to target/classes
[INFO] Copying 3 resources from src/main/resources to target/classes
[INFO] 
[INFO] --- compiler:3.14.1:compile (default-compile) @ tms-sep490-be ---
[INFO] Nothing to compile - all classes are up to date.
[INFO] 
[INFO] --- resources:3.3.1:testResources (default-testResources) @ tms-sep490-be ---
[INFO] Copying 2 resources from src/test/resources to target/test-classes
[INFO] 
[INFO] --- compiler:3.14.1:testCompile (default-testCompile) @ tms-sep490-be ---
[INFO] Nothing to compile - all classes are up to date.
[INFO] 
[INFO] <<< spring-boot:3.5.7:run (default-cli) < test-compile @ tms-sep490-be <<<
[INFO] 
[INFO] 
[INFO] --- spring-boot:3.5.7:run (default-cli) @ tms-sep490-be ---
[INFO] Attaching agents: []

  .   ____          _            __ _ _
 /\\ / ___'_ __ _ _(_)_ __  __ _ \ \ \ \
( ( )\___ | '_ | '_| | '_ \/ _` | \ \ \ \
 \\/  ___)| |_)| | | | | || (_| |  ) ) ) )
  '  |____| .__|_| |_|_| |_\__, | / / / /
 =========|_|==============|___/=/_/_/_/

 :: Spring Boot ::                (v3.5.7)

2025-11-17T16:53:24.957+07:00  INFO 53549 --- [tms-sep490-be] [           main] o.f.tmssep490be.TmsSep490BeApplication   : Starting TmsSep490BeApplication using Java 21.0.8 with PID 53549 (/Users/tatanh/Documents/Code/SEP490-Capstone/tms-sep490-be/target/classes started by tatanh in /Users/tatanh/Documents/Code/SEP490-Capstone/tms-sep490-be)
2025-11-17T16:53:24.958+07:00  INFO 53549 --- [tms-sep490-be] [           main] o.f.tmssep490be.TmsSep490BeApplication   : No active profile set, falling back to 1 default profile: "default"
2025-11-17T16:53:25.265+07:00  INFO 53549 --- [tms-sep490-be] [           main] .s.d.r.c.RepositoryConfigurationDelegate : Bootstrapping Spring Data JPA repositories in DEFAULT mode.
2025-11-17T16:53:25.321+07:00  INFO 53549 --- [tms-sep490-be] [           main] .s.d.r.c.RepositoryConfigurationDelegate : Finished Spring Data repository scanning in 53 ms. Found 39 JPA repository interfaces.
2025-11-17T16:53:25.519+07:00  INFO 53549 --- [tms-sep490-be] [           main] o.s.b.w.embedded.tomcat.TomcatWebServer  : Tomcat initialized with port 8080 (http)
2025-11-17T16:53:25.524+07:00  INFO 53549 --- [tms-sep490-be] [           main] o.apache.catalina.core.StandardService   : Starting service [Tomcat]
2025-11-17T16:53:25.524+07:00  INFO 53549 --- [tms-sep490-be] [           main] o.apache.catalina.core.StandardEngine    : Starting Servlet engine: [Apache Tomcat/10.1.48]
2025-11-17T16:53:25.543+07:00  INFO 53549 --- [tms-sep490-be] [           main] o.a.c.c.C.[Tomcat].[localhost].[/]       : Initializing Spring embedded WebApplicationContext
2025-11-17T16:53:25.543+07:00  INFO 53549 --- [tms-sep490-be] [           main] w.s.c.ServletWebServerApplicationContext : Root WebApplicationContext: initialization completed in 572 ms
2025-11-17T16:53:25.592+07:00  INFO 53549 --- [tms-sep490-be] [           main] o.hibernate.jpa.internal.util.LogHelper  : HHH000204: Processing PersistenceUnitInfo [name: default]
2025-11-17T16:53:25.610+07:00  INFO 53549 --- [tms-sep490-be] [           main] org.hibernate.Version                    : HHH000412: Hibernate ORM core version 6.6.33.Final
2025-11-17T16:53:25.619+07:00  INFO 53549 --- [tms-sep490-be] [           main] o.h.c.internal.RegionFactoryInitiator    : HHH000026: Second-level cache disabled
2025-11-17T16:53:25.695+07:00  INFO 53549 --- [tms-sep490-be] [           main] o.s.o.j.p.SpringPersistenceUnitInfo      : No LoadTimeWeaver setup: ignoring JPA class transformer
2025-11-17T16:53:25.703+07:00  INFO 53549 --- [tms-sep490-be] [           main] com.zaxxer.hikari.HikariDataSource       : HikariPool-1 - Starting...
2025-11-17T16:53:25.764+07:00  INFO 53549 --- [tms-sep490-be] [           main] com.zaxxer.hikari.pool.HikariPool        : HikariPool-1 - Added connection org.postgresql.jdbc.PgConnection@4de158ca
2025-11-17T16:53:25.765+07:00  INFO 53549 --- [tms-sep490-be] [           main] com.zaxxer.hikari.HikariDataSource       : HikariPool-1 - Start completed.
2025-11-17T16:53:25.777+07:00  WARN 53549 --- [tms-sep490-be] [           main] org.hibernate.orm.deprecation            : HHH90000025: PostgreSQLDialect does not need to be specified explicitly using 'hibernate.dialect' (remove the property setting and it will be selected by default)
2025-11-17T16:53:25.784+07:00  INFO 53549 --- [tms-sep490-be] [           main] org.hibernate.orm.connections.pooling    : HHH10001005: Database info:
	Database JDBC URL [Connecting through datasource 'HikariDataSource (HikariPool-1)']
	Database driver: undefined/unknown
	Database version: 17.5
	Autocommit mode: undefined/unknown
	Isolation level: undefined/unknown
	Minimum pool size: undefined/unknown
	Maximum pool size: undefined/unknown
2025-11-17T16:53:26.305+07:00  INFO 53549 --- [tms-sep490-be] [           main] o.h.e.t.j.p.i.JtaPlatformInitiator       : HHH000489: No JTA platform available (set 'hibernate.transaction.jta.platform' to enable JTA platform integration)
2025-11-17T16:53:26.306+07:00  INFO 53549 --- [tms-sep490-be] [           main] j.LocalContainerEntityManagerFactoryBean : Initialized JPA EntityManagerFactory for persistence unit 'default'
2025-11-17T16:53:26.466+07:00  INFO 53549 --- [tms-sep490-be] [           main] eAuthenticationProviderManagerConfigurer : Global AuthenticationManager configured with AuthenticationProvider bean with name authenticationProvider
2025-11-17T16:53:26.466+07:00  WARN 53549 --- [tms-sep490-be] [           main] r$InitializeUserDetailsManagerConfigurer : Global AuthenticationManager configured with an AuthenticationProvider bean. UserDetailsService beans will not be used by Spring Security for automatically configuring username/password login. Consider removing the AuthenticationProvider bean. Alternatively, consider using the UserDetailsService in a manually instantiated DaoAuthenticationProvider. If the current configuration is intentional, to turn off this warning, increase the logging level of 'org.springframework.security.config.annotation.authentication.configuration.InitializeUserDetailsBeanManagerConfigurer' to ERROR
2025-11-17T16:53:26.495+07:00  INFO 53549 --- [tms-sep490-be] [           main] o.s.d.j.r.query.QueryEnhancerFactory     : Hibernate is in classpath; If applicable, HQL parser will be used.
2025-11-17T16:53:27.703+07:00  WARN 53549 --- [tms-sep490-be] [           main] JpaBaseConfiguration$JpaWebConfiguration : spring.jpa.open-in-view is enabled by default. Therefore, database queries may be performed during view rendering. Explicitly configure spring.jpa.open-in-view to disable this warning
2025-11-17T16:53:27.888+07:00  WARN 53549 --- [tms-sep490-be] [           main] ConfigServletWebServerApplicationContext : Exception encountered during context initialization - cancelling refresh attempt: org.springframework.context.ApplicationContextException: Failed to start bean 'webServerStartStop'
2025-11-17T16:53:27.891+07:00  INFO 53549 --- [tms-sep490-be] [           main] j.LocalContainerEntityManagerFactoryBean : Closing JPA EntityManagerFactory for persistence unit 'default'
2025-11-17T16:53:27.892+07:00  INFO 53549 --- [tms-sep490-be] [           main] com.zaxxer.hikari.HikariDataSource       : HikariPool-1 - Shutdown initiated...
2025-11-17T16:53:27.893+07:00  INFO 53549 --- [tms-sep490-be] [           main] com.zaxxer.hikari.HikariDataSource       : HikariPool-1 - Shutdown completed.
2025-11-17T16:53:27.897+07:00  INFO 53549 --- [tms-sep490-be] [           main] .s.b.a.l.ConditionEvaluationReportLogger : 

Error starting ApplicationContext. To display the condition evaluation report re-run your application with 'debug' enabled.
2025-11-17T16:53:27.902+07:00 ERROR 53549 --- [tms-sep490-be] [           main] o.s.b.d.LoggingFailureAnalysisReporter   : 

***************************
APPLICATION FAILED TO START
***************************

Description:

Web server failed to start. Port 8080 was already in use.

Action:

Identify and stop the process that's listening on port 8080 or configure this application to listen on another port.

[INFO] ------------------------------------------------------------------------
[INFO] BUILD FAILURE
[INFO] ------------------------------------------------------------------------
[INFO] Total time:  3.874 s
[INFO] Finished at: 2025-11-17T16:53:27+07:00
[INFO] ------------------------------------------------------------------------
[ERROR] Failed to execute goal org.springframework.boot:spring-boot-maven-plugin:3.5.7:run (default-cli) on project tms-sep490-be: Process terminated with exit code: 1 -> [Help 1]
[ERROR] 
[ERROR] To see the full stack trace of the errors, re-run Maven with the -e switch.
[ERROR] Re-run Maven using the -X switch to enable full debug logging.
[ERROR] 
[ERROR] For more information about the errors and possible solutions, please read the following articles:
[ERROR] [Help 1] http://cwiki.apache.org/confluence/display/MAVEN/MojoExecutionException
